生成启动时间为 2016/12/1 18:28:44。
     1>项目“E:\code\TDCalendar\TDAss\TDAss.vcxproj”在节点 2 上(Rebuild 个目标)。
     1>C:\Program Files (x86)\MSBuild\Microsoft.Cpp\v4.0\V120\Microsoft.CppBuild.targets(364,5): warning MSB8004: Output Directory does not end with a trailing slash.  This build instance will add the slash as it is required to allow proper evaluation of the Output Directory.
     1>ClCompile:
         C:\Program Files (x86)\Microsoft Visual Studio 12.0\VC\bin\CL.exe /c /Zi /nologo /W1 /WX- /O2 /Oy- /D WIN32 /D NDEBUG /D _WINDOWS /D _USRDLL /D TDASS_EXPORTS /D _USING_V110_SDK71_ /D _UNICODE /D UNICODE /Gm- /EHsc /MT /GS /fp:precise /Zc:wchar_t /Zc:forScope /Fo"Release_MT\\" /Fd"Release_MT\vc120.pdb" /Gd /TP /analyze- /errorReport:prompt fileutils.cpp JTerseUtilities.cpp kernel32\kernel_win.cpp kernel32\ProcessTokenMgr.cpp zip\unzip.cpp
         fileutils.cpp
         JTerseUtilities.cpp
         kernel_win.cpp
         ProcessTokenMgr.cpp
         unzip.cpp
         正在生成代码...
       Lib:
         C:\Program Files (x86)\Microsoft Visual Studio 12.0\VC\bin\Lib.exe /OUT:"E:\code\TDCalendar\\bin\TDAss_MT.lib" /NOLOGO Release_MT\fileutils.obj
         Release_MT\JTerseUtilities.obj
         Release_MT\kernel_win.obj
         Release_MT\ProcessTokenMgr.obj
         Release_MT\unzip.obj
         TDAss.vcxproj -> E:\code\TDCalendar\\bin\TDAss_MT.lib
     1>已完成生成项目“E:\code\TDCalendar\TDAss\TDAss.vcxproj”(Rebuild 个目标)的操作。

生成成功。

已用时间 00:00:02.57
