d:\tdcalendar\tdass\releasemt\vc120.pdb
d:\tdcalendar\tdass\releasemt\unzip.obj
d:\tdcalendar\tdass\releasemt\processtokenmgr.obj
d:\tdcalendar\tdass\releasemt\kernel_win.obj
d:\tdcalendar\tdass\releasemt\jterseutilities.obj
d:\tdcalendar\tdass\releasemt\fileutils.obj
d:\tdcalendar\bin\tdass_mt.lib
d:\qqtd\tdcalendar\tdass\releasemt\fileutils.obj
d:\qqtd\tdcalendar\tdass\releasemt\jterseutilities.obj
d:\qqtd\tdcalendar\tdass\releasemt\kernel_win.obj
d:\qqtd\tdcalendar\tdass\releasemt\processtokenmgr.obj
d:\qqtd\tdcalendar\tdass\releasemt\unzip.obj
d:\qqtd\tdcalendar\tdass\releasemt\vc120.pdb
d:\qqtd\tdcalendar\bin\tdass_mt.lib
d:\qqtd\tdcalendar\tdass\releasemt\tdass.tlog\cl.command.1.tlog
d:\qqtd\tdcalendar\tdass\releasemt\tdass.tlog\cl.read.1.tlog
d:\qqtd\tdcalendar\tdass\releasemt\tdass.tlog\cl.write.1.tlog
d:\qqtd\tdcalendar\tdass\releasemt\tdass.tlog\lib-link.read.1.tlog
d:\qqtd\tdcalendar\tdass\releasemt\tdass.tlog\lib-link.write.1.tlog
d:\qqtd\tdcalendar\tdass\releasemt\tdass.tlog\lib.command.1.tlog
